Arguments: 
  C:\Program Files\nodejs\node.exe C:\Users\Arix\AppData\Roaming\npm\node_modules\yarn\bin\yarn.js start

PATH: 
  C:\ProgramData\Oracle\Java\javapath;C:\Windows\system32;C:\Windows;C:\Windows\System32\Wbem;C:\Windows\System32\WindowsPowerShell\v1.0\;C:\Program Files\nodejs\;C:\Program Files\Git\cmd;C:\Users\Arix\AppData\Local\atom\bin;C:\Users\Arix\AppData\Roaming\npm;C:\Program Files\Microsoft VS Code\bin

Yarn version: 
  1.5.1

Node version: 
  8.9.4

Platform: 
  win32 x64

npm manifest: 
  {
    "name": "redux-simple-starter",
    "version": "1.0.0",
    "description": "Simple starter package for Redux with React and Babel support",
    "main": "index.js",
    "repository": "git@github.com:StephenGrider/ReduxSimpleStarter.git",
    "scripts": {
      "start": "node ./node_modules/webpack-dev-server/bin/webpack-dev-server.js",
      "test": "mocha --compilers js:babel-core/register --require ./test/test_helper.js --recursive ./test",
      "test:watch": "npm run test -- --watch"
    },
    "author": "",
    "license": "ISC",
    "devDependencies": {
      "babel-core": "^6.2.1",
      "babel-loader": "^6.2.0",
      "babel-preset-es2015": "^6.1.18",
      "babel-preset-react": "^6.1.18",
      "chai": "^3.5.0",
      "chai-jquery": "^2.0.0",
      "jquery": "^2.2.1",
      "jsdom": "^8.1.0",
      "mocha": "^2.4.5",
      "react-addons-test-utils": "^0.14.7",
      "webpack": "^1.12.9",
      "webpack-dev-server": "^1.14.0"
    },
    "dependencies": {
      "babel-preset-stage-1": "^6.1.18",
      "lodash": "^3.10.1",
      "prop-types": "^15.6.1",
      "react": "^0.14.3",
      "react-dom": "^0.14.3",
      "react-redux": "4.3.0",
      "react-router": "^2.0.1",
      "redux": "^3.0.4"
    }
  }

yarn manifest: 
  No manifest

Lockfile: 
  No lockfile

Trace: 
  Error: Command failed.
  Exit code: 1
  Command: C:\Windows\system32\cmd.exe
  Arguments: /d /s /c node ./node_modules/webpack-dev-server/bin/webpack-dev-server.js
  Directory: C:\Users\Arix\Desktop\ReduxSimpleStarter
  Output:
  
      at ProcessTermError.MessageError (C:\Users\Arix\AppData\Roaming\npm\node_modules\yarn\lib\cli.js:186:110)
      at new ProcessTermError (C:\Users\Arix\AppData\Roaming\npm\node_modules\yarn\lib\cli.js:226:113)
      at ChildProcess.<anonymous> (C:\Users\Arix\AppData\Roaming\npm\node_modules\yarn\lib\cli.js:30281:17)
      at emitTwo (events.js:126:13)
      at ChildProcess.emit (events.js:214:7)
      at maybeClose (internal/child_process.js:925:16)
      at Process.ChildProcess._handle.onexit (internal/child_process.js:209:5)
